{
  "RSpec": {
    "coverage": {
      "/Users/brijeshvarshney/projects/test/test_quiz/app/models/users_question.rb": {
        "lines": [
          1,
          1,
          1,
          1,
          null,
          1,
          null,
          null,
          1,
          null,
          1,
          1,
          1,
          1,
          1,
          null,
          null,
          null
        ]
      },
      "/Users/brijeshvarshney/projects/test/test_quiz/app/models/application_record.rb": {
        "lines": [
          1,
          1,
          null
        ]
      },
      "/Users/brijeshvarshney/projects/test/test_quiz/app/models/question.rb": {
        "lines": [
          1,
          1,
          1,
          1,
          null
        ]
      },
      "/Users/brijeshvarshney/projects/test/test_quiz/app/models/answer.rb": {
        "lines": [
          1,
          1,
          null,
          1,
          null
        ]
      },
      "/Users/brijeshvarshney/projects/test/test_quiz/app/models/user.rb": {
        "lines": [
          1,
          1,
          null,
          1,
          null,
          1,
          null
        ]
      }
    },
    "timestamp": 1661940484
  }
}
